12/29/2024, 1:08:58 AM GMT+2 0: 

----------------------------------------------
12/29/2024, 1:08:58 AM GMT+2 1: Discord starting: {"releaseChannel":"stable","version":"0.0.78"}, modulepath: /home/volod/.config/discord/0.0.78/modules
12/29/2024, 1:08:58 AM GMT+2 2: ✅ webContents.created web1 ""
12/29/2024, 1:08:58 AM GMT+2 3: ✅ window.created win1 "discord"
12/29/2024, 1:08:58 AM GMT+2 4: ✅ webContents.did-finish-load web1
12/29/2024, 1:09:07 AM GMT+2 5: ✅ webContents.created web2 ""
12/29/2024, 1:09:07 AM GMT+2 6: ✅ window.created win2 "Discord"
12/29/2024, 1:09:10 AM GMT+2 7: ✅ webContents.did-finish-load web2
12/29/2024, 1:09:10 AM GMT+2 8: window.close win1
12/29/2024, 1:09:10 AM GMT+2 9: webContents.destroyed web1
12/29/2024, 1:09:10 AM GMT+2 10: window.closed win1
12/29/2024, 1:09:13 AM GMT+2 11: before-quit
12/29/2024, 1:09:13 AM GMT+2 12: window.close win2
12/29/2024, 1:09:13 AM GMT+2 13: webContents.destroyed web2
12/29/2024, 1:09:13 AM GMT+2 14: window.closed win2
12/29/2024, 5:35:53 PM GMT+2 0: 

----------------------------------------------
12/29/2024, 5:35:53 PM GMT+2 1: Discord starting: {"releaseChannel":"stable","version":"0.0.78"}, modulepath: /home/volod/.config/discord/0.0.78/modules
12/29/2024, 5:35:53 PM GMT+2 2: ✅ webContents.created web1 ""
12/29/2024, 5:35:53 PM GMT+2 3: ✅ window.created win1 "discord"
12/29/2024, 5:35:53 PM GMT+2 4: ✅ webContents.did-finish-load web1
12/29/2024, 5:35:54 PM GMT+2 5: ✅ webContents.created web2 ""
12/29/2024, 5:35:54 PM GMT+2 6: ✅ window.created win2 "Discord"
12/29/2024, 5:35:57 PM GMT+2 7: ❌ webContents.did-fail-load web2" -3 
12/29/2024, 5:35:58 PM GMT+2 8: ✅ webContents.did-finish-load web2
12/29/2024, 5:35:58 PM GMT+2 9: window.close win1
12/29/2024, 5:35:58 PM GMT+2 10: webContents.destroyed web1
12/29/2024, 5:35:58 PM GMT+2 11: window.closed win1
12/29/2024, 5:40:44 PM GMT+2 12: window.close win2
12/29/2024, 6:12:18 PM GMT+2 13: before-quit
12/29/2024, 6:13:10 PM GMT+2 0: 

----------------------------------------------
12/29/2024, 6:13:10 PM GMT+2 1: Discord starting: {"releaseChannel":"stable","version":"0.0.78"}, modulepath: /home/volod/.config/discord/0.0.78/modules
12/29/2024, 6:13:10 PM GMT+2 2: ✅ webContents.created web1 ""
12/29/2024, 6:13:10 PM GMT+2 3: ✅ window.created win1 "discord"
12/29/2024, 6:13:10 PM GMT+2 4: ✅ webContents.did-finish-load web1
12/29/2024, 6:13:11 PM GMT+2 5: ✅ webContents.created web2 ""
12/29/2024, 6:13:11 PM GMT+2 6: ✅ window.created win2 "Discord"
12/29/2024, 6:13:13 PM GMT+2 7: ✅ webContents.did-finish-load web2
12/29/2024, 6:13:13 PM GMT+2 8: window.close win1
12/29/2024, 6:13:13 PM GMT+2 9: webContents.destroyed web1
12/29/2024, 6:13:13 PM GMT+2 10: window.closed win1
12/29/2024, 6:31:11 PM GMT+2 11: before-quit
12/29/2024, 6:38:53 PM GMT+2 0: 

----------------------------------------------
12/29/2024, 6:38:53 PM GMT+2 1: Discord starting: {"releaseChannel":"stable","version":"0.0.78"}, modulepath: /home/volod/.config/discord/0.0.78/modules
12/29/2024, 6:38:53 PM GMT+2 2: ✅ webContents.created web1 ""
12/29/2024, 6:38:53 PM GMT+2 3: ✅ window.created win1 "discord"
12/29/2024, 6:38:53 PM GMT+2 4: ✅ webContents.did-finish-load web1
12/29/2024, 6:38:54 PM GMT+2 5: ✅ webContents.created web2 ""
12/29/2024, 6:38:54 PM GMT+2 6: ✅ window.created win2 "Discord"
12/29/2024, 6:38:56 PM GMT+2 7: ✅ webContents.did-finish-load web2
12/29/2024, 6:38:56 PM GMT+2 8: window.close win1
12/29/2024, 6:38:56 PM GMT+2 9: webContents.destroyed web1
12/29/2024, 6:38:56 PM GMT+2 10: window.closed win1
12/29/2024, 6:44:10 PM GMT+2 11: before-quit
